<?xml version="1.0" encoding="UTF-8"?>
<!-- Generated by org.testng.reporters.JUnitReportReporter -->
<testsuite hostname="PTL02210" name="com.persistent.primarc.tests.LoginTest" tests="1" failures="0" timestamp="6 Mar 2016 13:51:09 GMT" time="20.752" errors="0">
  <testcase name="verifyLogin" time="20.752" classname="com.persistent.primarc.tests.LoginTest"/>
</testsuite> <!-- com.persistent.primarc.tests.LoginTest -->
